0 info it worked if it ends with ok
1 verbose cli [ '/usr/local/Cellar/nvm/0.24.0/versions/node/v5.1.1/bin/node',
1 verbose cli   '/usr/local/opt/nvm/versions/node/v5.1.1/bin/npm',
1 verbose cli   'run',
1 verbose cli   'build' ]
2 info using npm@3.7.1
3 info using node@v5.1.1
4 verbose stack Error: missing script: build
4 verbose stack     at run (/usr/local/Cellar/nvm/0.24.0/versions/node/v5.1.1/lib/node_modules/npm/lib/run-script.js:147:19)
4 verbose stack     at /usr/local/Cellar/nvm/0.24.0/versions/node/v5.1.1/lib/node_modules/npm/lib/run-script.js:57:5
4 verbose stack     at /usr/local/Cellar/nvm/0.24.0/versions/node/v5.1.1/lib/node_modules/npm/node_modules/read-package-json/read-json.js:345:5
4 verbose stack     at checkBinReferences_ (/usr/local/Cellar/nvm/0.24.0/versions/node/v5.1.1/lib/node_modules/npm/node_modules/read-package-json/read-json.js:309:45)
4 verbose stack     at final (/usr/local/Cellar/nvm/0.24.0/versions/node/v5.1.1/lib/node_modules/npm/node_modules/read-package-json/read-json.js:343:3)
4 verbose stack     at then (/usr/local/Cellar/nvm/0.24.0/versions/node/v5.1.1/lib/node_modules/npm/node_modules/read-package-json/read-json.js:113:5)
4 verbose stack     at /usr/local/Cellar/nvm/0.24.0/versions/node/v5.1.1/lib/node_modules/npm/node_modules/read-package-json/read-json.js:300:12
4 verbose stack     at /usr/local/Cellar/nvm/0.24.0/versions/node/v5.1.1/lib/node_modules/npm/node_modules/graceful-fs/graceful-fs.js:76:16
4 verbose stack     at tryToString (fs.js:414:3)
4 verbose stack     at FSReqWrap.readFileAfterClose [as oncomplete] (fs.js:401:12)
5 verbose cwd /Users/huangzongquan/workspace/open/react-doc/demo
6 error Darwin 14.5.0
7 error argv "/usr/local/Cellar/nvm/0.24.0/versions/node/v5.1.1/bin/node" "/usr/local/opt/nvm/versions/node/v5.1.1/bin/npm" "run" "build"
8 error node v5.1.1
9 error npm  v3.7.1
10 error missing script: build
11 error If you need help, you may report this error at:
11 error     <https://github.com/npm/npm/issues>
12 verbose exit [ 1, true ]
